Copyright 1986-2016 Xilinx, Inc. All Rights Reserved.
------------------------------------------------------------------------------------
| Tool Version : Vivado v.2016.4 (win64) Build 1756540 Mon Jan 23 19:11:23 MST 2017
| Date         : Sun Dec 17 21:54:07 2023
| Host         : Elena running 64-bit major release  (build 9200)
| Command      : report_clock_utilization -file topenv_clock_utilization_routed.rpt
| Design       : topenv
| Device       : 7a35t-cpg236
| Speed File   : -1  PRODUCTION 1.16 2016-11-09
------------------------------------------------------------------------------------

Clock Utilization Report

Table of Contents
-----------------
1. Clock Primitive Utilization
2. Global Clock Resources
3. Global Clock Source Details
4. Clock Regions: Key Resource Utilization
5. Clock Regions : Global Clock Summary
6. Cell Type Counts per Global Clock: Region X0Y0
7. Cell Type Counts per Global Clock: Region X1Y0
8. Cell Type Counts per Global Clock: Region X0Y1
9. Cell Type Counts per Global Clock: Region X1Y1
10. Load Cell Placement Summary for Global Clock g0
11. Load Cell Placement Summary for Global Clock g1
12. Load Cell Placement Summary for Global Clock g2
13. Load Cell Placement Summary for Global Clock g3
14. Load Cell Placement Summary for Global Clock g4
15. Load Cell Placement Summary for Global Clock g5
16. Load Cell Placement Summary for Global Clock g6
17. Load Cell Placement Summary for Global Clock g7

1. Clock Primitive Utilization
------------------------------

+----------+------+-----------+-----+--------------+--------+
| Type     | Used | Available | LOC | Clock Region | Pblock |
+----------+------+-----------+-----+--------------+--------+
| BUFGCTRL |    8 |        32 |   0 |            0 |      0 |
| BUFH     |    0 |        72 |   0 |            0 |      0 |
| BUFIO    |    0 |        20 |   0 |            0 |      0 |
| BUFMR    |    0 |        10 |   0 |            0 |      0 |
| BUFR     |    0 |        20 |   0 |            0 |      0 |
| MMCM     |    0 |         5 |   0 |            0 |      0 |
| PLL      |    0 |         5 |   0 |            0 |      0 |
+----------+------+-----------+-----+--------------+--------+


2. Global Clock Resources
-------------------------

+-----------+-----------+-----------------+------------+---------------+--------------+------+-------------------+-------------------+-------------+-----------------+--------------+-------+-------------------------+------------------+
| Global Id | Source Id | Driver Type/Pin | Constraint | Site          | Clock Region | Root | Clock Delay Group | Load Clock Region | Clock Loads | Non-Clock Loads | Clock Period | Clock | Driver Pin              | Net              |
+-----------+-----------+-----------------+------------+---------------+--------------+------+-------------------+-------------------+-------------+-----------------+--------------+-------+-------------------------+------------------+
| g0        | src0      | BUFG/O          | None       | BUFGCTRL_X0Y1 | n/a          |      |                   |                 2 |         559 |               0 |              |       | clk_IBUF_BUFG_inst/O    | clk_IBUF_BUFG    |
| g1        | src1      | BUFG/O          | None       | BUFGCTRL_X0Y0 | n/a          |      |                   |                 4 |         160 |               1 |              |       | led_OBUF_BUFG[4]_inst/O | led_OBUF_BUFG[4] |
| g2        | src2      | BUFG/O          | None       | BUFGCTRL_X0Y2 | n/a          |      |                   |                 4 |         128 |               0 |              |       | n_0_994_BUFG_inst/O     | n_0_994_BUFG     |
| g3        | src3      | BUFG/O          | None       | BUFGCTRL_X0Y3 | n/a          |      |                   |                 4 |         128 |               0 |              |       | n_1_992_BUFG_inst/O     | n_1_992_BUFG     |
| g4        | src4      | BUFG/O          | None       | BUFGCTRL_X0Y5 | n/a          |      |                   |                 4 |          32 |               0 |              |       | n_2_991_BUFG_inst/O     | n_2_991_BUFG     |
| g5        | src5      | BUFG/O          | None       | BUFGCTRL_X0Y6 | n/a          |      |                   |                 4 |          32 |               0 |              |       | n_3_995_BUFG_inst/O     | n_3_995_BUFG     |
| g6        | src6      | BUFG/O          | None       | BUFGCTRL_X0Y7 | n/a          |      |                   |                 3 |          32 |               0 |              |       | n_4_831_BUFG_inst/O     | n_4_831_BUFG     |
| g7        | src7      | BUFG/O          | None       | BUFGCTRL_X0Y4 | n/a          |      |                   |                 1 |           2 |              79 |              |       | instr_BUFG[3]_inst/O    | instr_BUFG[3]    |
+-----------+-----------+-----------------+------------+---------------+--------------+------+-------------------+-------------------+-------------+-----------------+--------------+-------+-------------------------+------------------+
* Clock Loads column represents the clock pin loads (pin count)
** Non-Clock Loads column represents the non-clock pin loads (pin count)


3. Global Clock Source Details
------------------------------

+-----------+-----------+-----------------+------------+--------------+--------------+-------------+-----------------+---------------------+--------------+----------------------------------------------------+--------------------------------------------------+
| Source Id | Global Id | Driver Type/Pin | Constraint | Site         | Clock Region | Clock Loads | Non-Clock Loads | Source Clock Period | Source Clock | Driver Pin                                         | Net                                              |
+-----------+-----------+-----------------+------------+--------------+--------------+-------------+-----------------+---------------------+--------------+----------------------------------------------------+--------------------------------------------------+
| src0      | g0        | IBUF/O          | IOB_X1Y26  | IOB_X1Y26    | X1Y0         |           1 |               0 |                     |              | clk_IBUF_inst/O                                    | clk_IBUF                                         |
| src1      | g1        | LDPE/Q          | None       | SLICE_X31Y42 | X0Y0         |           1 |              37 |                     |              | ug_memcache/ctrl_instr/rd_reg/Q                    | ug_memcache/ctrl_instr/cat[4]                    |
| src2      | g2        | LUT2/O          | None       | SLICE_X36Y46 | X1Y0         |           1 |               0 |                     |              | ug_memcache/mem_cache/tagm/n_0_994_BUFG_inst_i_1/O | ug_memcache/mem_cache/tagm/n_0_994_BUFG_inst_n_1 |
| src3      | g3        | LUT2/O          | None       | SLICE_X36Y46 | X1Y0         |           1 |               0 |                     |              | ug_memcache/mem_cache/tagm/n_1_992_BUFG_inst_i_1/O | ug_memcache/mem_cache/tagm/n_1_992_BUFG_inst_n_2 |
| src4      | g4        | LUT2/O          | None       | SLICE_X36Y46 | X1Y0         |           1 |               0 |                     |              | ug_memcache/mem_cache/tagm/n_2_991_BUFG_inst_i_1/O | ug_memcache/mem_cache/tagm/n_2_991_BUFG_inst_n_3 |
| src5      | g5        | LUT2/O          | None       | SLICE_X36Y46 | X1Y0         |           1 |               0 |                     |              | ug_memcache/mem_cache/tagm/n_3_995_BUFG_inst_i_1/O | ug_memcache/mem_cache/tagm/n_3_995_BUFG_inst_n_4 |
| src6      | g6        | LUT2/O          | None       | SLICE_X35Y46 | X0Y0         |           1 |               0 |                     |              | ug_memcache/ctrl_instr/n_4_831_BUFG_inst_i_1/O     | ug_memcache/ctrl_instr/n_4_831_BUFG_inst_n_5     |
| src7      | g7        | LUT3/O          | None       | SLICE_X32Y38 | X0Y0         |           1 |               3 |                     |              | instrFetch/instr_BUFG[3]_inst_i_1/O                | instrFetch/instr_3__s_net_1                      |
+-----------+-----------+-----------------+------------+--------------+--------------+-------------+-----------------+---------------------+--------------+----------------------------------------------------+--------------------------------------------------+
* Clock Loads column represents the clock pin loads (pin count)
** Non-Clock Loads column represents the non-clock pin loads (pin count)


4. Clock Regions: Key Resource Utilization
------------------------------------------

+-------------------+--------------+--------------+--------------+--------------+--------------+--------------+--------------+--------------+--------------+--------------+--------------+--------------+--------------+--------------+--------------+
|                   | Global Clock |     BUFRs    |    BUFMRs    |    BUFIOs    |     MMCM     |      PLL     |      GT      |      PCI     |    ILOGIC    |    OLOGIC    |      FF      |     LUTM     |    RAMB18    |    RAMB36    |    DSP48E2   |
+-------------------+------+-------+------+-------+------+-------+------+-------+------+-------+------+-------+------+-------+------+-------+------+-------+------+-------+------+-------+------+-------+------+-------+------+-------+------+-------+
| Clock Region Name | Used | Avail | Used | Avail | Used | Avail | Used | Avail | Used | Avail | Used | Avail | Used | Avail | Used | Avail | Used | Avail | Used | Avail | Used | Avail | Used | Avail | Used | Avail | Used | Avail | Used | Avail |
+-------------------+------+-------+------+-------+------+-------+------+-------+------+-------+------+-------+------+-------+------+-------+------+-------+------+-------+------+-------+------+-------+------+-------+------+-------+------+-------+
| X0Y0              |    8 |    12 |    0 |     4 |    0 |     2 |    0 |     4 |    0 |     1 |    0 |     1 |    0 |     0 |    0 |     0 |    0 |    50 |    0 |    50 |    3 |  1200 |   51 |   400 |    0 |    20 |    0 |    10 |    0 |    20 |
| X1Y0              |    7 |    12 |    0 |     4 |    0 |     2 |    0 |     4 |    0 |     1 |    0 |     1 |    0 |     0 |    0 |     0 |    0 |    50 |    0 |    50 |   27 |  1500 |    2 |   450 |    0 |    40 |    0 |    20 |    0 |    20 |
| X0Y1              |    5 |    12 |    0 |     4 |    0 |     2 |    0 |     4 |    0 |     1 |    0 |     1 |    0 |     0 |    0 |     0 |    0 |    50 |    0 |    50 |    0 |  1200 |    3 |   400 |    0 |    20 |    0 |    10 |    0 |    20 |
| X1Y1              |    6 |    12 |    0 |     4 |    0 |     2 |    0 |     4 |    0 |     1 |    0 |     1 |    0 |     0 |    0 |     0 |    0 |    50 |    0 |    50 |    0 |  1500 |    0 |   450 |    0 |    40 |    0 |    20 |    0 |    20 |
| X0Y2              |    0 |    12 |    0 |     4 |    0 |     2 |    0 |     4 |    0 |     1 |    0 |     1 |    0 |     0 |    0 |     0 |    0 |    50 |    0 |    50 |    0 |  1800 |    0 |   400 |    0 |    20 |    0 |    10 |    0 |    20 |
| X1Y2              |    0 |    12 |    0 |     0 |    0 |     0 |    0 |     0 |    0 |     0 |    0 |     0 |    0 |     4 |    0 |     1 |    0 |     0 |    0 |     0 |    0 |   950 |    0 |   300 |    0 |    10 |    0 |     5 |    0 |    20 |
+-------------------+------+-------+------+-------+------+-------+------+-------+------+-------+------+-------+------+-------+------+-------+------+-------+------+-------+------+-------+------+-------+------+-------+------+-------+------+-------+
* Global Clock column represents track count; while other columns represents cell counts


5. Clock Regions : Global Clock Summary
---------------------------------------

+----+----+----+
|    | X0 | X1 |
+----+----+----+
| Y2 |  0 |  0 |
| Y1 |  5 |  6 |
| Y0 |  8 |  7 |
+----+----+----+


6. Cell Type Counts per Global Clock: Region X0Y0
-------------------------------------------------

+-----------+-------+-----------------+------------+-------------+-----------------+----+--------+------+-----+----+------+-----+---------+------------------+
| Global Id | Track | Driver Type/Pin | Constraint | Clock Loads | Non-Clock Loads | FF | LUTRAM | RAMB | DSP | GT | MMCM | PLL | Hard IP | Net              |
+-----------+-------+-----------------+------------+-------------+-----------------+----+--------+------+-----+----+------+-----+---------+------------------+
| g0        | n/a   | BUFG/O          | None       |           3 |               0 |  3 |      0 |    0 |   0 |  0 |    0 |   0 |       0 | clk_IBUF_BUFG    |
| g1        | n/a   | BUFG/O          | None       |          78 |               1 |  0 |      0 |    0 |   0 |  0 |    0 |   0 |       0 | led_OBUF_BUFG[4] |
| g2        | n/a   | BUFG/O          | None       |          88 |               0 |  0 |      0 |    0 |   0 |  0 |    0 |   0 |       0 | n_0_994_BUFG     |
| g3        | n/a   | BUFG/O          | None       |          88 |               0 |  0 |      0 |    0 |   0 |  0 |    0 |   0 |       0 | n_1_992_BUFG     |
| g4        | n/a   | BUFG/O          | None       |          19 |               0 |  0 |      0 |    0 |   0 |  0 |    0 |   0 |       0 | n_2_991_BUFG     |
| g5        | n/a   | BUFG/O          | None       |          17 |               0 |  0 |      0 |    0 |   0 |  0 |    0 |   0 |       0 | n_3_995_BUFG     |
| g6        | n/a   | BUFG/O          | None       |          16 |               0 |  0 |      0 |    0 |   0 |  0 |    0 |   0 |       0 | n_4_831_BUFG     |
| g7        | n/a   | BUFG/O          | None       |           1 |               1 |  0 |      0 |    0 |   0 |  0 |    0 |   0 |       0 | instr_BUFG[3]    |
+-----------+-------+-----------------+------------+-------------+-----------------+----+--------+------+-----+----+------+-----+---------+------------------+
* Clock Loads column represents the clock pin loads (pin count)
** Non-Clock Loads column represents the non-clock pin loads (pin count)
*** Columns FF, LUTRAM, RAMB through 'Hard IP' represents load cell counts


7. Cell Type Counts per Global Clock: Region X1Y0
-------------------------------------------------

+-----------+-------+-----------------+------------+-------------+-----------------+----+--------+------+-----+----+------+-----+---------+------------------+
| Global Id | Track | Driver Type/Pin | Constraint | Clock Loads | Non-Clock Loads | FF | LUTRAM | RAMB | DSP | GT | MMCM | PLL | Hard IP | Net              |
+-----------+-------+-----------------+------------+-------------+-----------------+----+--------+------+-----+----+------+-----+---------+------------------+
| g0        | n/a   | BUFG/O          | None       |          27 |               0 | 27 |      0 |    0 |   0 |  0 |    0 |   0 |       0 | clk_IBUF_BUFG    |
| g1        | n/a   | BUFG/O          | None       |          71 |               0 |  0 |      0 |    0 |   0 |  0 |    0 |   0 |       0 | led_OBUF_BUFG[4] |
| g2        | n/a   | BUFG/O          | None       |          22 |               0 |  0 |      0 |    0 |   0 |  0 |    0 |   0 |       0 | n_0_994_BUFG     |
| g3        | n/a   | BUFG/O          | None       |          23 |               0 |  0 |      0 |    0 |   0 |  0 |    0 |   0 |       0 | n_1_992_BUFG     |
| g4        | n/a   | BUFG/O          | None       |           6 |               0 |  0 |      0 |    0 |   0 |  0 |    0 |   0 |       0 | n_2_991_BUFG     |
| g5        | n/a   | BUFG/O          | None       |           6 |               0 |  0 |      0 |    0 |   0 |  0 |    0 |   0 |       0 | n_3_995_BUFG     |
| g6        | n/a   | BUFG/O          | None       |          12 |               0 |  0 |      0 |    0 |   0 |  0 |    0 |   0 |       0 | n_4_831_BUFG     |
+-----------+-------+-----------------+------------+-------------+-----------------+----+--------+------+-----+----+------+-----+---------+------------------+
* Clock Loads column represents the clock pin loads (pin count)
** Non-Clock Loads column represents the non-clock pin loads (pin count)
*** Columns FF, LUTRAM, RAMB through 'Hard IP' represents load cell counts


8. Cell Type Counts per Global Clock: Region X0Y1
-------------------------------------------------

+-----------+-------+-----------------+------------+-------------+-----------------+----+--------+------+-----+----+------+-----+---------+------------------+
| Global Id | Track | Driver Type/Pin | Constraint | Clock Loads | Non-Clock Loads | FF | LUTRAM | RAMB | DSP | GT | MMCM | PLL | Hard IP | Net              |
+-----------+-------+-----------------+------------+-------------+-----------------+----+--------+------+-----+----+------+-----+---------+------------------+
| g1        | n/a   | BUFG/O          | None       |           2 |               0 |  0 |      0 |    0 |   0 |  0 |    0 |   0 |       0 | led_OBUF_BUFG[4] |
| g2        | n/a   | BUFG/O          | None       |           3 |               0 |  0 |      0 |    0 |   0 |  0 |    0 |   0 |       0 | n_0_994_BUFG     |
| g3        | n/a   | BUFG/O          | None       |           3 |               0 |  0 |      0 |    0 |   0 |  0 |    0 |   0 |       0 | n_1_992_BUFG     |
| g4        | n/a   | BUFG/O          | None       |           2 |               0 |  0 |      0 |    0 |   0 |  0 |    0 |   0 |       0 | n_2_991_BUFG     |
| g5        | n/a   | BUFG/O          | None       |           4 |               0 |  0 |      0 |    0 |   0 |  0 |    0 |   0 |       0 | n_3_995_BUFG     |
+-----------+-------+-----------------+------------+-------------+-----------------+----+--------+------+-----+----+------+-----+---------+------------------+
* Clock Loads column represents the clock pin loads (pin count)
** Non-Clock Loads column represents the non-clock pin loads (pin count)
*** Columns FF, LUTRAM, RAMB through 'Hard IP' represents load cell counts


9. Cell Type Counts per Global Clock: Region X1Y1
-------------------------------------------------

+-----------+-------+-----------------+------------+-------------+-----------------+----+--------+------+-----+----+------+-----+---------+------------------+
| Global Id | Track | Driver Type/Pin | Constraint | Clock Loads | Non-Clock Loads | FF | LUTRAM | RAMB | DSP | GT | MMCM | PLL | Hard IP | Net              |
+-----------+-------+-----------------+------------+-------------+-----------------+----+--------+------+-----+----+------+-----+---------+------------------+
| g1        | n/a   | BUFG/O          | None       |           9 |               0 |  0 |      0 |    0 |   0 |  0 |    0 |   0 |       0 | led_OBUF_BUFG[4] |
| g2        | n/a   | BUFG/O          | None       |          15 |               0 |  0 |      0 |    0 |   0 |  0 |    0 |   0 |       0 | n_0_994_BUFG     |
| g3        | n/a   | BUFG/O          | None       |          14 |               0 |  0 |      0 |    0 |   0 |  0 |    0 |   0 |       0 | n_1_992_BUFG     |
| g4        | n/a   | BUFG/O          | None       |           5 |               0 |  0 |      0 |    0 |   0 |  0 |    0 |   0 |       0 | n_2_991_BUFG     |
| g5        | n/a   | BUFG/O          | None       |           5 |               0 |  0 |      0 |    0 |   0 |  0 |    0 |   0 |       0 | n_3_995_BUFG     |
| g6        | n/a   | BUFG/O          | None       |           4 |               0 |  0 |      0 |    0 |   0 |  0 |    0 |   0 |       0 | n_4_831_BUFG     |
+-----------+-------+-----------------+------------+-------------+-----------------+----+--------+------+-----+----+------+-----+---------+------------------+
* Clock Loads column represents the clock pin loads (pin count)
** Non-Clock Loads column represents the non-clock pin loads (pin count)
*** Columns FF, LUTRAM, RAMB through 'Hard IP' represents load cell counts


10. Load Cell Placement Summary for Global Clock g0
---------------------------------------------------

+-----------+-----------------+-------------------+-------+-------------+---------------+----------+-------------+----------+----------------+----------+---------------+
| Global Id | Driver Type/Pin | Driver Region (D) | Clock | Period (ns) | Waveform (ns) | Root (R) | Slice Loads | IO Loads | Clocking Loads | GT Loads | Net           |
+-----------+-----------------+-------------------+-------+-------------+---------------+----------+-------------+----------+----------------+----------+---------------+
| g0        | BUFG/O          | n/a               |       |             |               |          |          30 |        0 |              0 |        0 | clk_IBUF_BUFG |
+-----------+-----------------+-------------------+-------+-------------+---------------+----------+-------------+----------+----------------+----------+---------------+
* Slice Loads column represents load cell count of all cell types other than IO, GT and clock resources
** IO Loads column represents load cell count of IO types
*** Clocking Loads column represents load cell count that are clock resources (global clock buffer, MMCM, PLL, etc)
**** GT Loads column represents load cell count of GT types


+----+----+-----+
|    | X0 | X1  |
+----+----+-----+
| Y2 |  0 |   0 |
| Y1 |  0 |   0 |
| Y0 |  3 |  27 |
+----+----+-----+


11. Load Cell Placement Summary for Global Clock g1
---------------------------------------------------

+-----------+-----------------+-------------------+-------+-------------+---------------+----------+-------------+----------+----------------+----------+------------------+
| Global Id | Driver Type/Pin | Driver Region (D) | Clock | Period (ns) | Waveform (ns) | Root (R) | Slice Loads | IO Loads | Clocking Loads | GT Loads | Net              |
+-----------+-----------------+-------------------+-------+-------------+---------------+----------+-------------+----------+----------------+----------+------------------+
| g1        | BUFG/O          | n/a               |       |             |               |          |         160 |        1 |              0 |        0 | led_OBUF_BUFG[4] |
+-----------+-----------------+-------------------+-------+-------------+---------------+----------+-------------+----------+----------------+----------+------------------+
* Slice Loads column represents load cell count of all cell types other than IO, GT and clock resources
** IO Loads column represents load cell count of IO types
*** Clocking Loads column represents load cell count that are clock resources (global clock buffer, MMCM, PLL, etc)
**** GT Loads column represents load cell count of GT types


+----+-----+-----+
|    | X0  | X1  |
+----+-----+-----+
| Y2 |   0 |   0 |
| Y1 |   2 |   9 |
| Y0 |  79 |  71 |
+----+-----+-----+


12. Load Cell Placement Summary for Global Clock g2
---------------------------------------------------

+-----------+-----------------+-------------------+-------+-------------+---------------+----------+-------------+----------+----------------+----------+--------------+
| Global Id | Driver Type/Pin | Driver Region (D) | Clock | Period (ns) | Waveform (ns) | Root (R) | Slice Loads | IO Loads | Clocking Loads | GT Loads | Net          |
+-----------+-----------------+-------------------+-------+-------------+---------------+----------+-------------+----------+----------------+----------+--------------+
| g2        | BUFG/O          | n/a               |       |             |               |          |         128 |        0 |              0 |        0 | n_0_994_BUFG |
+-----------+-----------------+-------------------+-------+-------------+---------------+----------+-------------+----------+----------------+----------+--------------+
* Slice Loads column represents load cell count of all cell types other than IO, GT and clock resources
** IO Loads column represents load cell count of IO types
*** Clocking Loads column represents load cell count that are clock resources (global clock buffer, MMCM, PLL, etc)
**** GT Loads column represents load cell count of GT types


+----+-----+-----+
|    | X0  | X1  |
+----+-----+-----+
| Y2 |   0 |   0 |
| Y1 |   3 |  15 |
| Y0 |  88 |  22 |
+----+-----+-----+


13. Load Cell Placement Summary for Global Clock g3
---------------------------------------------------

+-----------+-----------------+-------------------+-------+-------------+---------------+----------+-------------+----------+----------------+----------+--------------+
| Global Id | Driver Type/Pin | Driver Region (D) | Clock | Period (ns) | Waveform (ns) | Root (R) | Slice Loads | IO Loads | Clocking Loads | GT Loads | Net          |
+-----------+-----------------+-------------------+-------+-------------+---------------+----------+-------------+----------+----------------+----------+--------------+
| g3        | BUFG/O          | n/a               |       |             |               |          |         128 |        0 |              0 |        0 | n_1_992_BUFG |
+-----------+-----------------+-------------------+-------+-------------+---------------+----------+-------------+----------+----------------+----------+--------------+
* Slice Loads column represents load cell count of all cell types other than IO, GT and clock resources
** IO Loads column represents load cell count of IO types
*** Clocking Loads column represents load cell count that are clock resources (global clock buffer, MMCM, PLL, etc)
**** GT Loads column represents load cell count of GT types


+----+-----+-----+
|    | X0  | X1  |
+----+-----+-----+
| Y2 |   0 |   0 |
| Y1 |   3 |  14 |
| Y0 |  88 |  23 |
+----+-----+-----+


14. Load Cell Placement Summary for Global Clock g4
---------------------------------------------------

+-----------+-----------------+-------------------+-------+-------------+---------------+----------+-------------+----------+----------------+----------+--------------+
| Global Id | Driver Type/Pin | Driver Region (D) | Clock | Period (ns) | Waveform (ns) | Root (R) | Slice Loads | IO Loads | Clocking Loads | GT Loads | Net          |
+-----------+-----------------+-------------------+-------+-------------+---------------+----------+-------------+----------+----------------+----------+--------------+
| g4        | BUFG/O          | n/a               |       |             |               |          |          32 |        0 |              0 |        0 | n_2_991_BUFG |
+-----------+-----------------+-------------------+-------+-------------+---------------+----------+-------------+----------+----------------+----------+--------------+
* Slice Loads column represents load cell count of all cell types other than IO, GT and clock resources
** IO Loads column represents load cell count of IO types
*** Clocking Loads column represents load cell count that are clock resources (global clock buffer, MMCM, PLL, etc)
**** GT Loads column represents load cell count of GT types


+----+-----+----+
|    | X0  | X1 |
+----+-----+----+
| Y2 |   0 |  0 |
| Y1 |   2 |  5 |
| Y0 |  19 |  6 |
+----+-----+----+


15. Load Cell Placement Summary for Global Clock g5
---------------------------------------------------

+-----------+-----------------+-------------------+-------+-------------+---------------+----------+-------------+----------+----------------+----------+--------------+
| Global Id | Driver Type/Pin | Driver Region (D) | Clock | Period (ns) | Waveform (ns) | Root (R) | Slice Loads | IO Loads | Clocking Loads | GT Loads | Net          |
+-----------+-----------------+-------------------+-------+-------------+---------------+----------+-------------+----------+----------------+----------+--------------+
| g5        | BUFG/O          | n/a               |       |             |               |          |          32 |        0 |              0 |        0 | n_3_995_BUFG |
+-----------+-----------------+-------------------+-------+-------------+---------------+----------+-------------+----------+----------------+----------+--------------+
* Slice Loads column represents load cell count of all cell types other than IO, GT and clock resources
** IO Loads column represents load cell count of IO types
*** Clocking Loads column represents load cell count that are clock resources (global clock buffer, MMCM, PLL, etc)
**** GT Loads column represents load cell count of GT types


+----+-----+----+
|    | X0  | X1 |
+----+-----+----+
| Y2 |   0 |  0 |
| Y1 |   4 |  5 |
| Y0 |  17 |  6 |
+----+-----+----+


16. Load Cell Placement Summary for Global Clock g6
---------------------------------------------------

+-----------+-----------------+-------------------+-------+-------------+---------------+----------+-------------+----------+----------------+----------+--------------+
| Global Id | Driver Type/Pin | Driver Region (D) | Clock | Period (ns) | Waveform (ns) | Root (R) | Slice Loads | IO Loads | Clocking Loads | GT Loads | Net          |
+-----------+-----------------+-------------------+-------+-------------+---------------+----------+-------------+----------+----------------+----------+--------------+
| g6        | BUFG/O          | n/a               |       |             |               |          |          32 |        0 |              0 |        0 | n_4_831_BUFG |
+-----------+-----------------+-------------------+-------+-------------+---------------+----------+-------------+----------+----------------+----------+--------------+
* Slice Loads column represents load cell count of all cell types other than IO, GT and clock resources
** IO Loads column represents load cell count of IO types
*** Clocking Loads column represents load cell count that are clock resources (global clock buffer, MMCM, PLL, etc)
**** GT Loads column represents load cell count of GT types


+----+-----+-----+
|    | X0  | X1  |
+----+-----+-----+
| Y2 |   0 |   0 |
| Y1 |   0 |   4 |
| Y0 |  16 |  12 |
+----+-----+-----+


17. Load Cell Placement Summary for Global Clock g7
---------------------------------------------------

+-----------+-----------------+-------------------+-------+-------------+---------------+----------+-------------+----------+----------------+----------+---------------+
| Global Id | Driver Type/Pin | Driver Region (D) | Clock | Period (ns) | Waveform (ns) | Root (R) | Slice Loads | IO Loads | Clocking Loads | GT Loads | Net           |
+-----------+-----------------+-------------------+-------+-------------+---------------+----------+-------------+----------+----------------+----------+---------------+
| g7        | BUFG/O          | n/a               |       |             |               |          |           2 |        0 |              0 |        0 | instr_BUFG[3] |
+-----------+-----------------+-------------------+-------+-------------+---------------+----------+-------------+----------+----------------+----------+---------------+
* Slice Loads column represents load cell count of all cell types other than IO, GT and clock resources
** IO Loads column represents load cell count of IO types
*** Clocking Loads column represents load cell count that are clock resources (global clock buffer, MMCM, PLL, etc)
**** GT Loads column represents load cell count of GT types


+----+----+----+
|    | X0 | X1 |
+----+----+----+
| Y2 |  0 |  0 |
| Y1 |  0 |  0 |
| Y0 |  2 |  0 |
+----+----+----+



# Location of BUFG Primitives 
set_property LOC BUFGCTRL_X0Y7 [get_cells n_4_831_BUFG_inst]
set_property LOC BUFGCTRL_X0Y6 [get_cells n_3_995_BUFG_inst]
set_property LOC BUFGCTRL_X0Y5 [get_cells n_2_991_BUFG_inst]
set_property LOC BUFGCTRL_X0Y3 [get_cells n_1_992_BUFG_inst]
set_property LOC BUFGCTRL_X0Y2 [get_cells n_0_994_BUFG_inst]
set_property LOC BUFGCTRL_X0Y0 [get_cells led_OBUF_BUFG[4]_inst]
set_property LOC BUFGCTRL_X0Y4 [get_cells instr_BUFG[3]_inst]
set_property LOC BUFGCTRL_X0Y1 [get_cells clk_IBUF_BUFG_inst]

# Location of IO Primitives which is load of clock spine
set_property LOC IOB_X0Y18 [get_cells led_OBUF[4]_inst]

# Location of clock ports
set_property LOC IOB_X1Y26 [get_ports clk]

# Clock net "n_4_831_BUFG" driven by instance "n_4_831_BUFG_inst" located at site "BUFGCTRL_X0Y7"
#startgroup
create_pblock {CLKAG_n_4_831_BUFG}
add_cells_to_pblock [get_pblocks  {CLKAG_n_4_831_BUFG}] [get_cells -filter { PRIMITIVE_GROUP != I/O && IS_PRIMITIVE==1 && PRIMITIVE_LEVEL !=INTERNAL } -of_object [get_pins -filter {DIRECTION==IN} -of_objects [get_nets -hierarchical -filter {PARENT=="n_4_831_BUFG"}]]]
resize_pblock [get_pblocks {CLKAG_n_4_831_BUFG}] -add {CLOCKREGION_X0Y0:CLOCKREGION_X0Y0 CLOCKREGION_X1Y0:CLOCKREGION_X1Y0 CLOCKREGION_X1Y1:CLOCKREGION_X1Y1}
#endgroup

# Clock net "n_3_995_BUFG" driven by instance "n_3_995_BUFG_inst" located at site "BUFGCTRL_X0Y6"
#startgroup
create_pblock {CLKAG_n_3_995_BUFG}
add_cells_to_pblock [get_pblocks  {CLKAG_n_3_995_BUFG}] [get_cells -filter { PRIMITIVE_GROUP != I/O && IS_PRIMITIVE==1 && PRIMITIVE_LEVEL !=INTERNAL } -of_object [get_pins -filter {DIRECTION==IN} -of_objects [get_nets -hierarchical -filter {PARENT=="n_3_995_BUFG"}]]]
resize_pblock [get_pblocks {CLKAG_n_3_995_BUFG}] -add {CLOCKREGION_X0Y0:CLOCKREGION_X0Y0 CLOCKREGION_X0Y1:CLOCKREGION_X0Y1 CLOCKREGION_X1Y0:CLOCKREGION_X1Y0 CLOCKREGION_X1Y1:CLOCKREGION_X1Y1}
#endgroup

# Clock net "n_2_991_BUFG" driven by instance "n_2_991_BUFG_inst" located at site "BUFGCTRL_X0Y5"
#startgroup
create_pblock {CLKAG_n_2_991_BUFG}
add_cells_to_pblock [get_pblocks  {CLKAG_n_2_991_BUFG}] [get_cells -filter { PRIMITIVE_GROUP != I/O && IS_PRIMITIVE==1 && PRIMITIVE_LEVEL !=INTERNAL } -of_object [get_pins -filter {DIRECTION==IN} -of_objects [get_nets -hierarchical -filter {PARENT=="n_2_991_BUFG"}]]]
resize_pblock [get_pblocks {CLKAG_n_2_991_BUFG}] -add {CLOCKREGION_X0Y0:CLOCKREGION_X0Y0 CLOCKREGION_X0Y1:CLOCKREGION_X0Y1 CLOCKREGION_X1Y0:CLOCKREGION_X1Y0 CLOCKREGION_X1Y1:CLOCKREGION_X1Y1}
#endgroup

# Clock net "n_1_992_BUFG" driven by instance "n_1_992_BUFG_inst" located at site "BUFGCTRL_X0Y3"
#startgroup
create_pblock {CLKAG_n_1_992_BUFG}
add_cells_to_pblock [get_pblocks  {CLKAG_n_1_992_BUFG}] [get_cells -filter { PRIMITIVE_GROUP != I/O && IS_PRIMITIVE==1 && PRIMITIVE_LEVEL !=INTERNAL } -of_object [get_pins -filter {DIRECTION==IN} -of_objects [get_nets -hierarchical -filter {PARENT=="n_1_992_BUFG"}]]]
resize_pblock [get_pblocks {CLKAG_n_1_992_BUFG}] -add {CLOCKREGION_X0Y0:CLOCKREGION_X0Y0 CLOCKREGION_X0Y1:CLOCKREGION_X0Y1 CLOCKREGION_X1Y0:CLOCKREGION_X1Y0 CLOCKREGION_X1Y1:CLOCKREGION_X1Y1}
#endgroup

# Clock net "n_0_994_BUFG" driven by instance "n_0_994_BUFG_inst" located at site "BUFGCTRL_X0Y2"
#startgroup
create_pblock {CLKAG_n_0_994_BUFG}
add_cells_to_pblock [get_pblocks  {CLKAG_n_0_994_BUFG}] [get_cells -filter { PRIMITIVE_GROUP != I/O && IS_PRIMITIVE==1 && PRIMITIVE_LEVEL !=INTERNAL } -of_object [get_pins -filter {DIRECTION==IN} -of_objects [get_nets -hierarchical -filter {PARENT=="n_0_994_BUFG"}]]]
resize_pblock [get_pblocks {CLKAG_n_0_994_BUFG}] -add {CLOCKREGION_X0Y0:CLOCKREGION_X0Y0 CLOCKREGION_X0Y1:CLOCKREGION_X0Y1 CLOCKREGION_X1Y0:CLOCKREGION_X1Y0 CLOCKREGION_X1Y1:CLOCKREGION_X1Y1}
#endgroup

# Clock net "led_OBUF_BUFG[4]" driven by instance "led_OBUF_BUFG[4]_inst" located at site "BUFGCTRL_X0Y0"
#startgroup
create_pblock {CLKAG_led_OBUF_BUFG[4]}
add_cells_to_pblock [get_pblocks  {CLKAG_led_OBUF_BUFG[4]}] [get_cells -filter { PRIMITIVE_GROUP != I/O && IS_PRIMITIVE==1 && PRIMITIVE_LEVEL !=INTERNAL && NAME!=led_OBUF[4]_inst} -of_object [get_pins -filter {DIRECTION==IN} -of_objects [get_nets -hierarchical -filter {PARENT=="led_OBUF_BUFG[4]"}]]]
resize_pblock [get_pblocks {CLKAG_led_OBUF_BUFG[4]}] -add {CLOCKREGION_X0Y0:CLOCKREGION_X0Y0 CLOCKREGION_X0Y1:CLOCKREGION_X0Y1 CLOCKREGION_X1Y0:CLOCKREGION_X1Y0 CLOCKREGION_X1Y1:CLOCKREGION_X1Y1}
#endgroup

# Clock net "instr_BUFG[3]" driven by instance "instr_BUFG[3]_inst" located at site "BUFGCTRL_X0Y4"
#startgroup
create_pblock {CLKAG_instr_BUFG[3]}
add_cells_to_pblock [get_pblocks  {CLKAG_instr_BUFG[3]}] [get_cells -filter { PRIMITIVE_GROUP != I/O && IS_PRIMITIVE==1 && PRIMITIVE_LEVEL !=INTERNAL } -of_object [get_pins -filter {DIRECTION==IN} -of_objects [get_nets -hierarchical -filter {PARENT=="instr_BUFG[3]"}]]]
resize_pblock [get_pblocks {CLKAG_instr_BUFG[3]}] -add {CLOCKREGION_X0Y0:CLOCKREGION_X0Y0}
#endgroup

# Clock net "clk_IBUF_BUFG" driven by instance "clk_IBUF_BUFG_inst" located at site "BUFGCTRL_X0Y1"
#startgroup
create_pblock {CLKAG_clk_IBUF_BUFG}
add_cells_to_pblock [get_pblocks  {CLKAG_clk_IBUF_BUFG}] [get_cells -filter { PRIMITIVE_GROUP != I/O && IS_PRIMITIVE==1 && PRIMITIVE_LEVEL !=INTERNAL } -of_object [get_pins -filter {DIRECTION==IN} -of_objects [get_nets -hierarchical -filter {PARENT=="clk_IBUF_BUFG"}]]]
resize_pblock [get_pblocks {CLKAG_clk_IBUF_BUFG}] -add {CLOCKREGION_X0Y0:CLOCKREGION_X0Y0 CLOCKREGION_X1Y0:CLOCKREGION_X1Y0}
#endgroup
